<?xml version="1.0" encoding="UTF-8"?>
<!-- Generated by org.testng.reporters.JUnitXMLReporter -->
<testsuite hostname="Susmi" ignored="0" name="Test" tests="3" failures="0" timestamp="24 Sep 2020 16:22:19 GMT" time="64.202" errors="0">
  <testcase name="loginTest" time="0.492" classname="com.spicejet.testcases.LoginPageTest"/>
  <testcase name="spicejetLogoTest" time="0.036" classname="com.spicejet.testcases.LoginPageTest"/>
  <testcase name="loginPageTitleTest" time="0.009" classname="com.spicejet.testcases.LoginPageTest"/>
</testsuite> <!-- Test -->
